  main.c
D:\Programming\C\C-Repo, BAR-SFT\main.c(7,16): warning C4013: 'price_per_year' undefined; assuming extern returning int
D:\Programming\C\C-Repo, BAR-SFT\main.c(11,1): warning C4142: 'price_per_year': benign redefinition of type
D:\Programming\C\C-Repo, BAR-SFT\main.c(16): warning C4716: 'price_per_year': must return a value
D:\Programming\C\C-Repo, BAR-SFT\main.c(46): warning C4716: 'info': must return a value
  C-Repo, BAR-SFT.vcxproj -> D:\Programming\C\C-Repo, BAR-SFT\x64\Debug\C-Repo, BAR-SFT.exe

Project Performance Summary:
    15312 ms  D:\Programming\C\C-Repo, BAR-SFT\C-Repo, BAR-SFT\C-Repo, BAR-SFT.vcxproj   1 calls
              15312 ms  Build                                      1 calls

Target Performance Summary:
        0 ms  BuildCompile                               1 calls
        0 ms  _Link                                      1 calls
        0 ms  AfterLink                                  1 calls
        0 ms  PreLinkEvent                               1 calls
        0 ms  PrepareResourceNames                       1 calls
        0 ms  CreateCustomManifestResourceNames          1 calls
        0 ms  ComputeLinkInputsFromProject               1 calls
        0 ms  ComputeCLGeneratedLinkInputs               1 calls
        0 ms  ComputeManifestGeneratedLinkerInputs       1 calls
        0 ms  _ALink                                     1 calls
        0 ms  ComputeRCGeneratedLinkInputs               1 calls
        0 ms  BeforeLink                                 1 calls
        0 ms  BuildLinkTraverse                          1 calls
        0 ms  _BuildCompileAction                        1 calls
        0 ms  AfterBuildCompileEvent                     1 calls
        0 ms  _ResourceCompile                           1 calls
        0 ms  AfterResourceCompile                       1 calls
        0 ms  BeforeResourceCompile                      1 calls
        0 ms  _ClCompile                                 1 calls
        0 ms  ComputeRCOutputs                           1 calls
        0 ms  _Manifest                                  1 calls
        0 ms  ResolvedXDCMake                            1 calls
        0 ms  ComputeCLCompileGeneratedXDCFiles          1 calls
        0 ms  AfterBuild                                 1 calls
        0 ms  BuildLink                                  1 calls
        0 ms  _BuildLinkAction                           1 calls
        0 ms  PostBuildEvent                             1 calls
        0 ms  PrepareForRun                              1 calls
        0 ms  _CheckForCompileOutputs                    1 calls
        0 ms  _CopySourceItemsToOutputDirectory          1 calls
        0 ms  _GetCopyToOutputDirectoryItemsFromThisProject   1 calls
        0 ms  GetCopyToOutputDirectoryXamlAppDefs        1 calls
        0 ms  _PopulateCommonStateForGetCopyToOutputDirectoryItems   1 calls
        0 ms  _Deploy                                    1 calls
        0 ms  _Appverifier                               1 calls
        0 ms  CreateSatelliteAssemblies                  1 calls
        0 ms  ResolvedLinkLib                            1 calls
        0 ms  MakeDirsForFxc                             1 calls
        0 ms  _BscMake                                   1 calls
        0 ms  MakeDirsForBscMake                         1 calls
        0 ms  ComputeCLCompileGeneratedSbrFiles          1 calls
        0 ms  _XdcMake                                   1 calls
        0 ms  AfterClCompile                             1 calls
        0 ms  SelectClCompile                            1 calls
        0 ms  Build                                      1 calls
        0 ms  BuildGenerateSourcesTraverse               1 calls
        0 ms  _SelectedFiles                             1 calls
        0 ms  BeforeBuildGenerateSources                 1 calls
        0 ms  ComputeReferenceCLInput                    1 calls
        0 ms  _Xsd                                       1 calls
        0 ms  BeforeResolveReferences                    1 calls
        0 ms  ComputeMIDLGeneratedCompileInputs          1 calls
        0 ms  AfterMidl                                  1 calls
        0 ms  _Midl                                      1 calls
        0 ms  ResolveReferences                          1 calls
        0 ms  SelectCustomBuild                          1 calls
        0 ms  AfterBuildGenerateSources                  1 calls
        0 ms  _BuildGenerateSourcesAction                1 calls
        0 ms  BuildGenerateSources                       1 calls
        0 ms  AfterResolveReferences                     1 calls
        0 ms  BuildCompileTraverse                       1 calls
        0 ms  BeforeClCompile                            1 calls
        0 ms  ExpandSDKReferences                        1 calls
        0 ms  ResolveSDKReferences                       1 calls
        0 ms  SetCABuildNativeEnvironmentVariables       1 calls
        0 ms  GetResolvedWinMD                           1 calls
        0 ms  PrepareProjectReferences                   1 calls
        0 ms  AfterBuildGenerateSourcesEvent             1 calls
        0 ms  ComputeCustomBuildOutput                   1 calls
        1 ms  ComputeLegacyManifestEmbedding             1 calls
        1 ms  DoLinkOutputFilesMatch                     1 calls
        1 ms  CopyFileToFolders                          1 calls
        1 ms  MakeDirsForXdcMake                         1 calls
        1 ms  RegisterOutput                             1 calls
        1 ms  PreBuildEvent                              1 calls
        1 ms  ComputeLinkImportLibraryOutputsForClean    1 calls
        1 ms  ComputeManifestInputsTargets               1 calls
        1 ms  CopyFilesToOutputDirectory                 1 calls
        1 ms  ComputeCLInputPDBName                      1 calls
        1 ms  MakeDirsForResourceCompile                 1 calls
        1 ms  ResolveAssemblyReferences                  1 calls
        1 ms  _GetCopyToOutputDirectoryItemsFromTransitiveProjectReferences   1 calls
        1 ms  _GenerateSatelliteAssemblyInputs           1 calls
        1 ms  FindReferenceAssembliesForReferences       1 calls
        1 ms  ContentFilesProjectOutputGroup             1 calls
        2 ms  IncrementalClean                           1 calls
        2 ms  FinalizeBuildStatus                        1 calls
        3 ms  AssignTargetPaths                          1 calls
        3 ms  SplitResourcesByCulture                    1 calls
        3 ms  GetFrameworkPaths                          1 calls
        3 ms  MakeDirsForLink                            1 calls
        5 ms  MakeDirsForMidl                            1 calls
        5 ms  ComputeLinkSwitches                        1 calls
       10 ms  _PrepareForReferenceResolution             1 calls
       11 ms  FixupCLCompileOptions                      1 calls
       11 ms  MakeDirsForCl                              1 calls
       12 ms  _SplitProjectReferencesByFileExistence     1 calls
       16 ms  BuiltProjectOutputGroup                    1 calls
       17 ms  GetReferenceAssemblyPaths                  1 calls
       27 ms  SatelliteDllsProjectOutputGroup            1 calls
       35 ms  SetTelemetryEnvironmentVariables           1 calls
       37 ms  _GetProjectReferenceTargetFrameworkProperties   1 calls
       45 ms  GetCopyToOutputDirectoryItems              1 calls
       48 ms  ComputeCLOutputs                           1 calls
       52 ms  _CheckWindowsSDKInstalled                  1 calls
       53 ms  WarnCompileDuplicatedFilename              1 calls
       53 ms  SetBuildDefaultEnvironmentVariables        1 calls
       71 ms  _CleanGetCurrentAndPriorFileWrites         1 calls
       71 ms  AssignProjectConfiguration                 1 calls
       86 ms  ResolveProjectReferences                   1 calls
       89 ms  CreateRecipeFile                           1 calls
      110 ms  CustomBuild                                1 calls
      122 ms  _PrepareForBuild                           1 calls
      124 ms  PrepareForBuild                            1 calls
      392 ms  _CheckForInvalidConfigurationAndPlatform   1 calls
      614 ms  InitializeBuildStatus                      1 calls
     5910 ms  Link                                       1 calls
     7017 ms  ClCompile                                  1 calls

Task Performance Summary:
        2 ms  CheckVCToolsetVersion                      1 calls
        2 ms  RemoveDuplicates                           2 calls
        2 ms  AssignTargetPath                           7 calls
        2 ms  Delete                                     2 calls
        3 ms  AssignCulture                              1 calls
        4 ms  ConvertToAbsolutePath                      1 calls
       27 ms  CreateItem                                 2 calls
       33 ms  MSBuild                                    1 calls
       34 ms  ReadLinesFromFile                          2 calls
       43 ms  CallTarget                                 2 calls
       64 ms  FindUnderPath                              5 calls
       70 ms  AssignProjectConfiguration                 1 calls
       76 ms  SetEnv                                     8 calls
       89 ms  GenerateDesktopDeployRecipe                1 calls
       96 ms  MakeDir                                   10 calls
      111 ms  GetOutOfDateItems                          3 calls
      168 ms  Message                                    3 calls
      270 ms  Touch                                      2 calls
      308 ms  WriteLinesToFile                           1 calls
     5907 ms  Link                                       1 calls
     7016 ms  CL                                         1 calls
